<?xml version="1.0" encoding="UTF-8"?>
<!-- Generated by org.testng.reporters.JUnitReportReporter -->
<testsuite hostname="DESKTOP-0NADA0M" failures="0" tests="1" name="maven.CompanignModule" time="0.013" errors="0" timestamp="2025-03-12T11:03:27 IST" skipped="0">
  <testcase classname="maven.CompanignModule" name="compan" time="0.013">
    <system-out>
      <![CDATA[companign is created]]>
    </system-out>
  </testcase> <!-- compan -->
  <system-out>
    <![CDATA[companign is created]]>
  </system-out>
</testsuite> <!-- maven.CompanignModule -->
